-------------------------------------------------------------------------------
Test set: com.meal.me.ApplicationTests
-------------------------------------------------------------------------------
Tests run: 1, Failures: 0, Errors: 1, Skipped: 0, Time elapsed: 3.15 s <<< FAILURE! - in com.meal.me.ApplicationTests
contextLoads  Time elapsed: 0.007 s  <<< ERROR!
java.lang.IllegalStateException: Failed to load ApplicationContext for [WebMergedContextConfiguration@320e179f testClass = com.meal.me.ApplicationTests, locations = [], classes = [com.meal.me.Application], contextInitializerClasses = [], activeProfiles = [], propertySourceLocations = [], propertySourceProperties = ["org.springframework.boot.test.context.SpringBootTestContextBootstrapper=true"], contextCustomizers = [org.springframework.boot.test.context.filter.ExcludeFilterContextCustomizer@6631f5ca, org.springframework.boot.test.json.DuplicateJsonObjectContextCustomizerFactory$DuplicateJsonObjectContextCustomizer@649bec2e, org.springframework.boot.test.mock.mockito.MockitoContextCustomizer@0, org.springframework.boot.test.web.client.TestRestTemplateContextCustomizer@d29f28, org.springframework.boot.test.autoconfigure.actuate.observability.ObservabilityContextCustomizerFactory$DisableObservabilityContextCustomizer@9da1, org.springframework.boot.test.autoconfigure.properties.PropertyMappingContextCustomizer@0, org.springframework.boot.test.autoconfigure.web.servlet.WebDriverContextCustomizerFactory$Customizer@6d4e5011, org.springframework.boot.test.context.SpringBootTestAnnotation@32c82537], resourceBasePath = "src/main/webapp", contextLoader = org.springframework.boot.test.context.SpringBootContextLoader, parent = null]
Caused by: org.springframework.beans.factory.UnsatisfiedDependencyException: Error creating bean with name 'mealController': Unsatisfied dependency expressed through field 'mealService': Error creating bean with name 'mealService': Unsatisfied dependency expressed through field 'mealRepository': Error creating bean with name 'mealRepository' defined in com.meal.me.repository.MealRepository defined in @EnableJpaRepositories declared on JpaRepositoriesRegistrar.EnableJpaRepositoriesConfiguration: Could not create query for public abstract org.springframework.data.domain.Page com.meal.me.repository.MealRepository.find(org.springframework.data.domain.Pageable); Reason: Failed to create query for method public abstract org.springframework.data.domain.Page com.meal.me.repository.MealRepository.find(org.springframework.data.domain.Pageable); No property 'find' found for type 'Meal' Did you mean ''id''
Caused by: org.springframework.beans.factory.UnsatisfiedDependencyException: Error creating bean with name 'mealService': Unsatisfied dependency expressed through field 'mealRepository': Error creating bean with name 'mealRepository' defined in com.meal.me.repository.MealRepository defined in @EnableJpaRepositories declared on JpaRepositoriesRegistrar.EnableJpaRepositoriesConfiguration: Could not create query for public abstract org.springframework.data.domain.Page com.meal.me.repository.MealRepository.find(org.springframework.data.domain.Pageable); Reason: Failed to create query for method public abstract org.springframework.data.domain.Page com.meal.me.repository.MealRepository.find(org.springframework.data.domain.Pageable); No property 'find' found for type 'Meal' Did you mean ''id''
Caused by: org.springframework.beans.factory.BeanCreationException: Error creating bean with name 'mealRepository' defined in com.meal.me.repository.MealRepository defined in @EnableJpaRepositories declared on JpaRepositoriesRegistrar.EnableJpaRepositoriesConfiguration: Could not create query for public abstract org.springframework.data.domain.Page com.meal.me.repository.MealRepository.find(org.springframework.data.domain.Pageable); Reason: Failed to create query for method public abstract org.springframework.data.domain.Page com.meal.me.repository.MealRepository.find(org.springframework.data.domain.Pageable); No property 'find' found for type 'Meal' Did you mean ''id''
Caused by: org.springframework.data.repository.query.QueryCreationException: Could not create query for public abstract org.springframework.data.domain.Page com.meal.me.repository.MealRepository.find(org.springframework.data.domain.Pageable); Reason: Failed to create query for method public abstract org.springframework.data.domain.Page com.meal.me.repository.MealRepository.find(org.springframework.data.domain.Pageable); No property 'find' found for type 'Meal' Did you mean ''id''
Caused by: java.lang.IllegalArgumentException: Failed to create query for method public abstract org.springframework.data.domain.Page com.meal.me.repository.MealRepository.find(org.springframework.data.domain.Pageable); No property 'find' found for type 'Meal' Did you mean ''id''
Caused by: org.springframework.data.mapping.PropertyReferenceException: No property 'find' found for type 'Meal' Did you mean ''id''

